# JRE version: OpenJDK Runtime Environment (8.0_152-b02) (build 1.8.0_152-release-1024-b02)
# Java VM: OpenJDK 64-Bit Server VM (25.152-b02 mixed mode windows-amd64 compressed oops)
Heap:
 PSYoungGen      total 152576K, used 142420K [0x00000000e0000000, 0x00000000ed300000, 0x0000000100000000)
  eden space 138752K, 92% used [0x00000000e0000000,0x00000000e7d9c478,0x00000000e8780000)
  from space 13824K, 99% used [0x00000000e9700000,0x00000000ea478e60,0x00000000ea480000)
  to   space 15872K, 0% used [0x00000000e8780000,0x00000000e8780000,0x00000000e9700000)
 ParOldGen       total 175616K, used 19838K [0x00000000a0000000, 0x00000000aab80000, 0x00000000e0000000)
  object space 175616K, 11% used [0x00000000a0000000,0x00000000a135fb58,0x00000000aab80000)
 Metaspace       used 53342K, capacity 55042K, committed 55384K, reserved 1097728K
  class space    used 7313K, capacity 7702K, committed 7808K, reserved 1048576K
GC Heap History (10 events):
Event: 1.898 GC heap before
{Heap before GC invocations=4 (full 1):
 PSYoungGen      total 76288K, used 8895K [0x00000000e0000000, 0x00000000e9500000, 0x0000000100000000)
  eden space 65536K, 0% used [0x00000000e0000000,0x00000000e0000000,0x00000000e4000000)
  from space 10752K, 82% used [0x00000000e4000000,0x00000000e48afcc8,0x00000000e4a80000)
  to   space 10752K, 0% used [0x00000000e8a80000,0x00000000e8a80000,0x00000000e9500000)
 ParOldGen       total 175104K, used 90K [0x00000000a0000000, 0x00000000aab00000, 0x00000000e0000000)
  object space 175104K, 0% used [0x00000000a0000000,0x00000000a0016878,0x00000000aab00000)
 Metaspace       used 20776K, capacity 21212K, committed 21248K, reserved 1067008K
  class space    used 2899K, capacity 3042K, committed 3072K, reserved 1048576K
Event: 1.920 GC heap after
Heap after GC invocations=4 (full 1):
 PSYoungGen      total 76288K, used 0K [0x00000000e0000000, 0x00000000e9500000, 0x0000000100000000)
  eden space 65536K, 0% used [0x00000000e0000000,0x00000000e0000000,0x00000000e4000000)
  from space 10752K, 0% used [0x00000000e4000000,0x00000000e4000000,0x00000000e4a80000)
  to   space 10752K, 0% used [0x00000000e8a80000,0x00000000e8a80000,0x00000000e9500000)
 ParOldGen       total 107520K, used 8668K [0x00000000a0000000, 0x00000000a6900000, 0x00000000e0000000)
  object space 107520K, 8% used [0x00000000a0000000,0x00000000a0877178,0x00000000a6900000)
 Metaspace       used 20776K, capacity 21212K, committed 21248K, reserved 1067008K
  class space    used 2899K, capacity 3042K, committed 3072K, reserved 1048576K
}
Event: 2.397 GC heap before
{Heap before GC invocations=5 (full 1):
 PSYoungGen      total 76288K, used 65536K [0x00000000e0000000, 0x00000000e9500000, 0x0000000100000000)
  eden space 65536K, 100% used [0x00000000e0000000,0x00000000e4000000,0x00000000e4000000)
  from space 10752K, 0% used [0x00000000e4000000,0x00000000e4000000,0x00000000e4a80000)
  to   space 10752K, 0% used [0x00000000e8a80000,0x00000000e8a80000,0x00000000e9500000)
 ParOldGen       total 107520K, used 8668K [0x00000000a0000000, 0x00000000a6900000, 0x00000000e0000000)
  object space 107520K, 8% used [0x00000000a0000000,0x00000000a0877178,0x00000000a6900000)
 Metaspace       used 26525K, capacity 26998K, committed 27136K, reserved 1073152K
  class space    used 3662K, capacity 3831K, committed 3840K, reserved 1048576K
Event: 2.402 GC heap after
Heap after GC invocations=5 (full 1):
 PSYoungGen      total 105472K, used 7390K [0x00000000e0000000, 0x00000000e9200000, 0x0000000100000000)
  eden space 97792K, 0% used [0x00000000e0000000,0x00000000e0000000,0x00000000e5f80000)
  from space 7680K, 96% used [0x00000000e8a80000,0x00000000e91b7b38,0x00000000e9200000)
  to   space 10752K, 0% used [0x00000000e7d00000,0x00000000e7d00000,0x00000000e8780000)
 ParOldGen       total 107520K, used 8676K [0x00000000a0000000, 0x00000000a6900000, 0x00000000e0000000)
  object space 107520K, 8% used [0x00000000a0000000,0x00000000a0879178,0x00000000a6900000)
 Metaspace       used 26525K, capacity 26998K, committed 27136K, reserved 1073152K
  class space    used 3662K, capacity 3831K, committed 3840K, reserved 1048576K
}
Event: 4.329 GC heap before
{Heap before GC invocations=6 (full 1):
 PSYoungGen      total 105472K, used 97082K [0x00000000e0000000, 0x00000000e9200000, 0x0000000100000000)
  eden space 97792K, 91% used [0x00000000e0000000,0x00000000e5796f38,0x00000000e5f80000)
  from space 7680K, 96% used [0x00000000e8a80000,0x00000000e91b7b38,0x00000000e9200000)
  to   space 10752K, 0% used [0x00000000e7d00000,0x00000000e7d00000,0x00000000e8780000)
 ParOldGen       total 107520K, used 8676K [0x00000000a0000000, 0x00000000a6900000, 0x00000000e0000000)
  object space 107520K, 8% used [0x00000000a0000000,0x00000000a0879178,0x00000000a6900000)
 Metaspace       used 34646K, capacity 35194K, committed 35416K, reserved 1079296K
  class space    used 4785K, capacity 4971K, committed 4992K, reserved 1048576K
Event: 4.335 GC heap after
Heap after GC invocations=6 (full 1):
 PSYoungGen      total 138752K, used 10741K [0x00000000e0000000, 0x00000000ea480000, 0x0000000100000000)
  eden space 128000K, 0% used [0x00000000e0000000,0x00000000e0000000,0x00000000e7d00000)
  from space 10752K, 99% used [0x00000000e7d00000,0x00000000e877d5d8,0x00000000e8780000)
  to   space 13824K, 0% used [0x00000000e9700000,0x00000000e9700000,0x00000000ea480000)
 ParOldGen       total 107520K, used 10829K [0x00000000a0000000, 0x00000000a6900000, 0x00000000e0000000)
  object space 107520K, 10% used [0x00000000a0000000,0x00000000a0a937b0,0x00000000a6900000)
 Metaspace       used 34646K, capacity 35194K, committed 35416K, reserved 1079296K
  class space    used 4785K, capacity 4971K, committed 4992K, reserved 1048576K
}
Event: 4.335 GC heap before
{Heap before GC invocations=7 (full 2):
 PSYoungGen      total 138752K, used 10741K [0x00000000e0000000, 0x00000000ea480000, 0x0000000100000000)
  eden space 128000K, 0% used [0x00000000e0000000,0x00000000e0000000,0x00000000e7d00000)
  from space 10752K, 99% used [0x00000000e7d00000,0x00000000e877d5d8,0x00000000e8780000)
  to   space 13824K, 0% used [0x00000000e9700000,0x00000000e9700000,0x00000000ea480000)
 ParOldGen       total 107520K, used 10829K [0x00000000a0000000, 0x00000000a6900000, 0x00000000e0000000)
  object space 107520K, 10% used [0x00000000a0000000,0x00000000a0a937b0,0x00000000a6900000)
 Metaspace       used 34646K, capacity 35194K, committed 35416K, reserved 1079296K
  class space    used 4785K, capacity 4971K, committed 4992K, reserved 1048576K
Event: 4.364 GC heap after
Heap after GC invocations=7 (full 2):
 PSYoungGen      total 138752K, used 0K [0x00000000e0000000, 0x00000000ea480000, 0x0000000100000000)
  eden space 128000K, 0% used [0x00000000e0000000,0x00000000e0000000,0x00000000e7d00000)
  from space 10752K, 0% used [0x00000000e7d00000,0x00000000e7d00000,0x00000000e8780000)
  to   space 13824K, 0% used [0x00000000e9700000,0x00000000e9700000,0x00000000ea480000)
 ParOldGen       total 175616K, used 19484K [0x00000000a0000000, 0x00000000aab80000, 0x00000000e0000000)
  object space 175616K, 11% used [0x00000000a0000000,0x00000000a1307090,0x00000000aab80000)
 Metaspace       used 34646K, capacity 35194K, committed 35416K, reserved 1079296K
  class space    used 4785K, capacity 4971K, committed 4992K, reserved 1048576K
}
Event: 5.173 GC heap before
{Heap before GC invocations=8 (full 2):
 PSYoungGen      total 138752K, used 128000K [0x00000000e0000000, 0x00000000ea480000, 0x0000000100000000)
  eden space 128000K, 100% used [0x00000000e0000000,0x00000000e7d00000,0x00000000e7d00000)
  from space 10752K, 0% used [0x00000000e7d00000,0x00000000e7d00000,0x00000000e8780000)
  to   space 13824K, 0% used [0x00000000e9700000,0x00000000e9700000,0x00000000ea480000)
 ParOldGen       total 175616K, used 19484K [0x00000000a0000000, 0x00000000aab80000, 0x00000000e0000000)
  object space 175616K, 11% used [0x00000000a0000000,0x00000000a1307090,0x00000000aab80000)
 Metaspace       used 42895K, capacity 43790K, committed 43864K, reserved 1087488K
  class space    used 5921K, capacity 6206K, committed 6272K, reserved 1048576K
Event: 5.181 GC heap after
Heap after GC invocations=8 (full 2):
 PSYoungGen      total 152576K, used 13795K [0x00000000e0000000, 0x00000000ed300000, 0x0000000100000000)
  eden space 138752K, 0% used [0x00000000e0000000,0x00000000e0000000,0x00000000e8780000)
  from space 13824K, 99% used [0x00000000e9700000,0x00000000ea478e60,0x00000000ea480000)
  to   space 15872K, 0% used [0x00000000e8780000,0x00000000e8780000,0x00000000e9700000)
 ParOldGen       total 175616K, used 19838K [0x00000000a0000000, 0x00000000aab80000, 0x00000000e0000000)
  object space 175616K, 11% used [0x00000000a0000000,0x00000000a135fb58,0x00000000aab80000)
 Metaspace       used 42895K, capacity 43790K, committed 43864K, reserved 1087488K
  class space    used 5921K, capacity 6206K, committed 6272K, reserved 1048576K
}

